25-Nov-2022 21:38:54.071 INFO [main] org.apache.catalina.core.StandardServer.await 셧다운 포트를 통해 유효한 셧다운 명령을 받았습니다. 서버 인스턴스를 중지시킵니다.
25-Nov-2022 21:38:54.072 INFO [main] org.apache.coyote.AbstractProtocol.pause 프로토콜 핸들러 ["http-nio-8080"]을(를) 일시 정지 중
25-Nov-2022 21:38:54.077 INFO [main] org.apache.catalina.core.StandardService.stopInternal 서비스 [Catalina]을(를) 중지시킵니다.
25-Nov-2022 21:38:55.813 INFO [main] org.apache.catalina.startup.VersionLoggerListener.log 서버 버전 이름:    Apache Tomcat/9.0.65
25-Nov-2022 21:38:55.815 INFO [main] org.apache.catalina.startup.VersionLoggerListener.log Server 빌드 시각:  Jul 14 2022 12:28:53 UTC
25-Nov-2022 21:38:55.815 INFO [main] org.apache.catalina.startup.VersionLoggerListener.log Server 버전 번호:  9.0.65.0
25-Nov-2022 21:38:55.815 INFO [main] org.apache.catalina.startup.VersionLoggerListener.log 운영체제 이름:     Windows 10
25-Nov-2022 21:38:55.815 INFO [main] org.apache.catalina.startup.VersionLoggerListener.log 운영체제 버전:     10.0
25-Nov-2022 21:38:55.815 INFO [main] org.apache.catalina.startup.VersionLoggerListener.log 아키텍처:          amd64
25-Nov-2022 21:38:55.815 INFO [main] org.apache.catalina.startup.VersionLoggerListener.log 자바 홈:           C:\Program Files\Java\jdk-17.0.2
25-Nov-2022 21:38:55.815 INFO [main] org.apache.catalina.startup.VersionLoggerListener.log JVM 버전:          17.0.2+8-LTS-86
25-Nov-2022 21:38:55.815 INFO [main] org.apache.catalina.startup.VersionLoggerListener.log JVM 벤더:          Oracle Corporation
25-Nov-2022 21:38:55.815 INFO [main] org.apache.catalina.startup.VersionLoggerListener.log CATALINA_BASE:     C:\Cap_de\apache-tomcat-9.0.65
25-Nov-2022 21:38:55.815 INFO [main] org.apache.catalina.startup.VersionLoggerListener.log CATALINA_HOME:     C:\Cap_de\apache-tomcat-9.0.65
25-Nov-2022 21:38:55.821 INFO [main] org.apache.catalina.startup.VersionLoggerListener.log 명령 행 아규먼트:  -Djava.util.logging.config.file=c:\Cap_de\apache-tomcat-9.0.65/conf/logging.properties
25-Nov-2022 21:38:55.821 INFO [main] org.apache.catalina.startup.VersionLoggerListener.log 명령 행 아규먼트:  -Djava.util.logging.manager=org.apache.juli.ClassLoaderLogManager
25-Nov-2022 21:38:55.821 INFO [main] org.apache.catalina.startup.VersionLoggerListener.log 명령 행 아규먼트:  -Djdk.tls.ephemeralDHKeySize=2048
25-Nov-2022 21:38:55.822 INFO [main] org.apache.catalina.startup.VersionLoggerListener.log 명령 행 아규먼트:  -Djava.protocol.handler.pkgs=org.apache.catalina.webresources
25-Nov-2022 21:38:55.822 INFO [main] org.apache.catalina.startup.VersionLoggerListener.log 명령 행 아규먼트:  -Dorg.apache.catalina.security.SecurityListener.UMASK=0027
25-Nov-2022 21:38:55.822 INFO [main] org.apache.catalina.startup.VersionLoggerListener.log 명령 행 아규먼트:  -Dcatalina.base=c:\Cap_de\apache-tomcat-9.0.65
25-Nov-2022 21:38:55.822 INFO [main] org.apache.catalina.startup.VersionLoggerListener.log 명령 행 아규먼트:  -Dcatalina.home=c:\Cap_de\apache-tomcat-9.0.65
25-Nov-2022 21:38:55.822 INFO [main] org.apache.catalina.startup.VersionLoggerListener.log 명령 행 아규먼트:  -Djava.io.tmpdir=c:\Cap_de\apache-tomcat-9.0.65/temp
25-Nov-2022 21:38:55.841 INFO [main] org.apache.catalina.core.AprLifecycleListener.lifecycleEvent APR 버전 [1.7.0]을(를) 사용한, APR 기반 Apache Tomcat Native 라이브러리 [1.2.35]을(를) 로드했습니다.
25-Nov-2022 21:38:55.841 INFO [main] org.apache.catalina.core.AprLifecycleListener.lifecycleEvent APR 용량정보들: IPv6 [true], sendfile [true], accept filters [false], random [true], UDS [true].
25-Nov-2022 21:38:55.841 INFO [main] org.apache.catalina.core.AprLifecycleListener.lifecycleEvent APR/OpenSSL 설정: useAprConnector [false], useOpenSSL [true]
25-Nov-2022 21:38:55.844 INFO [main] org.apache.catalina.core.AprLifecycleListener.initializeSSL OpenSSL이 성공적으로 초기화되었습니다: [OpenSSL 1.1.1q  5 Jul 2022]
25-Nov-2022 21:38:55.967 INFO [main] org.apache.coyote.AbstractProtocol.init 프로토콜 핸들러 ["http-nio-8080"]을(를) 초기화합니다.
25-Nov-2022 21:38:55.979 INFO [main] org.apache.catalina.startup.Catalina.load [280] 밀리초 내에 서버가 초기화되었습니다.
25-Nov-2022 21:38:56.002 INFO [main] org.apache.catalina.core.StandardService.startInternal 서비스 [Catalina]을(를) 시작합니다.
25-Nov-2022 21:38:56.002 INFO [main] org.apache.catalina.core.StandardEngine.startInternal 서버 엔진을 시작합니다: [Apache Tomcat/9.0.65]
25-Nov-2022 21:38:56.204 INFO [main] org.apache.catalina.startup.HostConfig.deployDirectory 웹 애플리케이션 디렉토리 [C:\Cap_de\WEB\.git]을(를) 배치합니다.
25-Nov-2022 21:38:56.219 INFO [main] org.apache.catalina.startup.HostConfig.deployDirectory 웹 애플리케이션 디렉토리 [C:\Cap_de\WEB\.git]에 대한 배치가 [14] 밀리초에 완료되었습니다.
25-Nov-2022 21:38:56.219 INFO [main] org.apache.catalina.startup.HostConfig.deployDirectory 웹 애플리케이션 디렉토리 [C:\Cap_de\WEB\css]을(를) 배치합니다.
25-Nov-2022 21:38:56.233 INFO [main] org.apache.catalina.startup.HostConfig.deployDirectory 웹 애플리케이션 디렉토리 [C:\Cap_de\WEB\css]에 대한 배치가 [13] 밀리초에 완료되었습니다.
25-Nov-2022 21:38:56.233 INFO [main] org.apache.catalina.startup.HostConfig.deployDirectory 웹 애플리케이션 디렉토리 [C:\Cap_de\WEB\images]을(를) 배치합니다.
25-Nov-2022 21:38:56.246 INFO [main] org.apache.catalina.startup.HostConfig.deployDirectory 웹 애플리케이션 디렉토리 [C:\Cap_de\WEB\images]에 대한 배치가 [13] 밀리초에 완료되었습니다.
25-Nov-2022 21:38:56.246 INFO [main] org.apache.catalina.startup.HostConfig.deployDirectory 웹 애플리케이션 디렉토리 [C:\Cap_de\WEB\java]을(를) 배치합니다.
25-Nov-2022 21:38:56.259 INFO [main] org.apache.catalina.startup.HostConfig.deployDirectory 웹 애플리케이션 디렉토리 [C:\Cap_de\WEB\java]에 대한 배치가 [13] 밀리초에 완료되었습니다.
25-Nov-2022 21:38:56.261 INFO [main] org.apache.coyote.AbstractProtocol.start 프로토콜 핸들러 ["http-nio-8080"]을(를) 시작합니다.
25-Nov-2022 21:38:56.301 INFO [main] org.apache.catalina.startup.Catalina.start 서버가 [322] 밀리초 내에 시작되었습니다.
