03-Oct-2022 01:00:33.492 INFO [main] org.apache.catalina.core.ApplicationContext.log ContextListener: contextInitialized()
03-Oct-2022 01:00:33.492 INFO [main] org.apache.catalina.core.ApplicationContext.log SessionListener: contextInitialized()
03-Oct-2022 01:00:33.493 INFO [main] org.apache.catalina.core.ApplicationContext.log ContextListener: attributeAdded('StockTicker', 'async.Stockticker@3c0fae6c')
03-Oct-2022 01:01:30.720 INFO [main] org.apache.catalina.core.ApplicationContext.log SessionListener: contextDestroyed()
03-Oct-2022 01:01:30.720 INFO [main] org.apache.catalina.core.ApplicationContext.log ContextListener: contextDestroyed()
03-Oct-2022 01:01:38.425 INFO [main] org.apache.catalina.core.ApplicationContext.log ContextListener: contextInitialized()
03-Oct-2022 01:01:38.425 INFO [main] org.apache.catalina.core.ApplicationContext.log SessionListener: contextInitialized()
03-Oct-2022 01:01:38.426 INFO [main] org.apache.catalina.core.ApplicationContext.log ContextListener: attributeAdded('StockTicker', 'async.Stockticker@76a36b71')
03-Oct-2022 01:03:20.322 INFO [main] org.apache.catalina.core.ApplicationContext.log SessionListener: contextDestroyed()
03-Oct-2022 01:03:20.322 INFO [main] org.apache.catalina.core.ApplicationContext.log ContextListener: contextDestroyed()
03-Oct-2022 01:03:21.138 INFO [main] org.apache.catalina.core.ApplicationContext.log ContextListener: contextInitialized()
03-Oct-2022 01:03:21.138 INFO [main] org.apache.catalina.core.ApplicationContext.log SessionListener: contextInitialized()
03-Oct-2022 01:03:21.139 INFO [main] org.apache.catalina.core.ApplicationContext.log ContextListener: attributeAdded('StockTicker', 'async.Stockticker@4a9f80d3')
03-Oct-2022 01:10:24.679 INFO [main] org.apache.catalina.core.ApplicationContext.log SessionListener: contextDestroyed()
03-Oct-2022 01:10:24.679 INFO [main] org.apache.catalina.core.ApplicationContext.log ContextListener: contextDestroyed()
03-Oct-2022 01:10:25.478 INFO [main] org.apache.catalina.core.ApplicationContext.log ContextListener: contextInitialized()
03-Oct-2022 01:10:25.478 INFO [main] org.apache.catalina.core.ApplicationContext.log SessionListener: contextInitialized()
03-Oct-2022 01:10:25.479 INFO [main] org.apache.catalina.core.ApplicationContext.log ContextListener: attributeAdded('StockTicker', 'async.Stockticker@4a9f80d3')
03-Oct-2022 01:12:00.018 INFO [main] org.apache.catalina.core.ApplicationContext.log SessionListener: contextDestroyed()
03-Oct-2022 01:12:00.018 INFO [main] org.apache.catalina.core.ApplicationContext.log ContextListener: contextDestroyed()
03-Oct-2022 01:12:59.527 INFO [main] org.apache.catalina.core.ApplicationContext.log ContextListener: contextInitialized()
03-Oct-2022 01:12:59.527 INFO [main] org.apache.catalina.core.ApplicationContext.log SessionListener: contextInitialized()
03-Oct-2022 01:12:59.528 INFO [main] org.apache.catalina.core.ApplicationContext.log ContextListener: attributeAdded('StockTicker', 'async.Stockticker@6326d182')
03-Oct-2022 01:15:33.061 INFO [main] org.apache.catalina.core.ApplicationContext.log ContextListener: contextInitialized()
03-Oct-2022 01:15:33.061 INFO [main] org.apache.catalina.core.ApplicationContext.log SessionListener: contextInitialized()
03-Oct-2022 01:15:33.062 INFO [main] org.apache.catalina.core.ApplicationContext.log ContextListener: attributeAdded('StockTicker', 'async.Stockticker@3d08f3f5')
03-Oct-2022 01:16:46.488 INFO [main] org.apache.catalina.core.ApplicationContext.log SessionListener: contextDestroyed()
03-Oct-2022 01:16:46.488 INFO [main] org.apache.catalina.core.ApplicationContext.log ContextListener: contextDestroyed()
